<?xml version="1.0" encoding="UTF-8"?>
<!-- Generated by org.testng.reporters.JUnitReportReporter -->
<testsuite skipped="0" hostname="nishant" name="com.clearTrip.testCases.TC_VerifyMenuList_002" tests="1" failures="0" timestamp="05 Feb 2020 20:16:16 GMT" time="0.553" errors="0">
  <testcase name="verifyMainMenuTexts" time="0.553" classname="com.clearTrip.testCases.TC_VerifyMenuList_002"/>
</testsuite> <!-- com.clearTrip.testCases.TC_VerifyMenuList_002 -->
