<?xml version="1.0" encoding="UTF-8"?>
<!-- Generated by org.testng.reporters.JUnitReportReporter -->
<testsuite skipped="0" hostname="nishant" name="com.clearTrip.testCases.TC_LoginTest_001" tests="3" failures="0" timestamp="05 Feb 2020 20:16:16 GMT" time="31.492" errors="0">
  <testcase name="loginTest" time="12.490" classname="com.clearTrip.testCases.TC_LoginTest_001"/>
  <testcase name="verifyTitle" time="5.014" classname="com.clearTrip.testCases.TC_LoginTest_001"/>
  <testcase name="logoutTest" time="13.988" classname="com.clearTrip.testCases.TC_LoginTest_001"/>
</testsuite> <!-- com.clearTrip.testCases.TC_LoginTest_001 -->
