<?xml version="1.0" encoding="UTF-8"?>
<!-- Generated by org.testng.reporters.JUnitReportReporter -->
<testsuite skipped="0" hostname="nishant" name="com.clearTrip.testCases.TC_LoginTest_001" tests="1" failures="0" timestamp="04 Feb 2020 19:30:42 GMT" time="22.456" errors="0">
  <testcase name="loginTest" time="22.456" classname="com.clearTrip.testCases.TC_LoginTest_001"/>
</testsuite> <!-- com.clearTrip.testCases.TC_LoginTest_001 -->
